<?xml version="1.0" encoding="UTF-8"?>
<testsuite xmlns:xsi="http://www.w3.org/2001/XMLSchema-instance" xsi:noNamespaceSchemaLocation="https://maven.apache.org/surefire/maven-surefire-plugin/xsd/surefire-test-report-3.0.xsd" version="3.0" name="com.org.test.TestScript" time="19.052" tests="1" errors="0" skipped="0" failures="1">
  <properties>
[...]
</properties>
  <testcase name="homePage" classname="com.org.test.TestScript" time="13.118">
    <failure message="Element not clickable at point (1121,84). Other element would receive the click: &lt;span id=&quot;cart-total&quot;&gt;&lt;/span&gt;&#10;Build info: version: &apos;4.0.0-alpha-2&apos;, revision: &apos;f148142cf8&apos;, time: &apos;2019-07-01T20:55:26&apos;&#10;System info: host: &apos;ATMECSINLT-043&apos;, ip: &apos;55.55.55.57&apos;, os.name: &apos;Windows 10&apos;, os.arch: &apos;amd64&apos;, os.version: &apos;10.0&apos;, java.version: &apos;13.0.1&apos;&#10;Driver info: org.openqa.selenium.ie.InternetExplorerDriver&#10;Capabilities {acceptInsecureCerts: false, browserName: internet explorer, browserVersion: 11, javascriptEnabled: true, pageLoadStrategy: normal, platform: WINDOWS, platformName: WINDOWS, proxy: Proxy(), se:ieOptions: {browserAttachTimeout: 0, elementScrollBehavior: 0, enablePersistentHover: true, ie.browserCommandLineSwitches: , ie.ensureCleanSession: false, ie.fileUploadDialogTimeout: 3000, ie.forceCreateProcessApi: false, ignoreProtectedModeSettings: false, ignoreZoomSetting: false, initialBrowserUrl: http://localhost:29554/, nativeEvents: true, requireWindowFocus: false}, setWindowRect: true, timeouts: {implicit: 0, pageLoad: 300000, script: 30000}}&#10;Session ID: 65ab618e-4ee9-48af-ac02-267f7e311c30" type="org.openqa.selenium.ElementClickInterceptedException"><![CDATA[org.openqa.selenium.ElementClickInterceptedException: 
Element not clickable at point (1121,84). Other element would receive the click: <span id="cart-total"></span>
Build info: version: '4.0.0-alpha-2', revision: 'f148142cf8', time: '2019-07-01T20:55:26'
System info: host: 'ATMECSINLT-043', ip: '55.55.55.57', os.name: 'Windows 10', os.arch: 'amd64', os.version: '10.0', java.version: '13.0.1'
Driver info: org.openqa.selenium.ie.InternetExplorerDriver
Capabilities {acceptInsecureCerts: false, browserName: internet explorer, browserVersion: 11, javascriptEnabled: true, pageLoadStrategy: normal, platform: WINDOWS, platformName: WINDOWS, proxy: Proxy(), se:ieOptions: {browserAttachTimeout: 0, elementScrollBehavior: 0, enablePersistentHover: true, ie.browserCommandLineSwitches: , ie.ensureCleanSession: false, ie.fileUploadDialogTimeout: 3000, ie.forceCreateProcessApi: false, ignoreProtectedModeSettings: false, ignoreZoomSetting: false, initialBrowserUrl: http://localhost:29554/, nativeEvents: true, requireWindowFocus: false}, setWindowRect: true, timeouts: {implicit: 0, pageLoad: 300000, script: 30000}}
Session ID: 65ab618e-4ee9-48af-ac02-267f7e311c30
	at com.org.test.TestScript.homePage(TestScript.java:98)
]]></failure>
    <system-out><![CDATA[11-28-2019 12:05:10 LogReports.java INFO  [main] reports.LogReports 27 - IE browser launched
11-28-2019 12:05:10 LogReports.java INFO  [main] reports.LogReports 27 - URL is loading http://tutorialsninja.com/demo/
11-28-2019 12:05:13 LogReports.java INFO  [main] reports.LogReports 27 - Url is matched :http://tutorialsninja.com/demo/
11-28-2019 12:05:13 LogReports.java INFO  [main] reports.LogReports 27 - Assert passed and the text is :The Ninja Store
11-28-2019 12:05:14 LogReports.java INFO  [main] reports.LogReports 27 - The test value is :iPhone
11-28-2019 12:05:15 LogReports.java INFO  [main] reports.LogReports 27 - Searching...iPhone
11-28-2019 12:05:17 LogReports.java INFO  [main] reports.LogReports 27 - clicked on iPhone link
11-28-2019 12:05:18 LogReports.java INFO  [main] reports.LogReports 27 - iphone qty is now 2
11-28-2019 12:05:19 LogReports.java INFO  [main] reports.LogReports 27 - iphone of qty 2 is now added to the cart
11-28-2019 12:05:20 LogReports.java INFO  [main] reports.LogReports 27 - The test value is :MacBook Air
11-28-2019 12:05:21 LogReports.java INFO  [main] reports.LogReports 27 - Searching...MacBook Air
11-28-2019 12:05:23 LogReports.java INFO  [main] reports.LogReports 27 - clicked on MacBook Air link
11-28-2019 12:05:23 LogReports.java INFO  [main] reports.LogReports 27 - MacBook Qty qty is now 3
11-28-2019 12:05:23 LogReports.java INFO  [main] reports.LogReports 27 - Availability is in stock
11-28-2019 12:05:24 LogReports.java INFO  [main] reports.LogReports 27 - Product price is :$1,202.00
11-28-2019 12:05:24 LogReports.java INFO  [main] reports.LogReports 27 - Ex-Tax:Ex Tax: $1,000.00
11-28-2019 12:05:24 LogReports.java INFO  [main] reports.LogReports 27 - iphone of qty 3 is now added to the cart
]]></system-out>
    <system-err><![CDATA[Started InternetExplorerDriver server (32-bit)
3.14.0.0
Listening on port 29554
Only local connections are allowed
Nov 28, 2019 12:05:10 PM org.openqa.selenium.remote.ProtocolHandshake createSession
INFO: Detected dialect: W3C
]]></system-err>
  </testcase>
</testsuite>