<?xml version="1.0" encoding="UTF-8"?>
<testng-results ignored="0" total="1" passed="0" failed="1" skipped="0">
  <reporter-output>
  </reporter-output>
  <suite started-at="2019-12-06T12:13:01 IST" name="Default suite" finished-at="2019-12-06T12:13:38 IST" duration-ms="37341">
    <groups>
    </groups>
    <test started-at="2019-12-06T12:13:01 IST" name="Default test" finished-at="2019-12-06T12:13:38 IST" duration-ms="37341">
      <class name="com.org.php.testscripts.PhpHotel">
        <test-method is-config="true" signature="openBrowser()[pri:0, instance:com.org.php.testscripts.PhpHotel@5b239d7d]" started-at="2019-12-06T12:13:01 IST" name="openBrowser" finished-at="2019-12-06T12:13:18 IST" duration-ms="16555" status="PASS">
          <reporter-output>
          </reporter-output>
        </test-method> <!-- openBrowser -->
        <test-method signature="identifyFourStarHotel()[pri:0, instance:com.org.php.testscripts.PhpHotel@5b239d7d]" started-at="2019-12-06T12:13:18 IST" name="identifyFourStarHotel" finished-at="2019-12-06T12:13:37 IST" duration-ms="19777" status="FAIL">
          <exception class="java.lang.NullPointerException">
            <full-stacktrace>
              <![CDATA[java.lang.NullPointerException
at com.org.php.helpers.PageActions.getElement(PageActions.java:48)
at com.org.php.testscripts.PhpHotelValidation.phpHotelDetailsValidation(PhpHotelValidation.java:43)
at com.org.php.testscripts.PhpHotel.identifyFourStarHotel(PhpHotel.java:146)
at java.base/jdk.internal.reflect.NativeMethodAccessorImpl.invoke0(Native Method)
at java.base/jdk.internal.reflect.NativeMethodAccessorImpl.invoke(NativeMethodAccessorImpl.java:62)
at java.base/jdk.internal.reflect.DelegatingMethodAccessorImpl.invoke(DelegatingMethodAccessorImpl.java:43)
at java.base/java.lang.reflect.Method.invoke(Method.java:567)
at org.testng.internal.MethodInvocationHelper.invokeMethod(MethodInvocationHelper.java:133)
at org.testng.internal.TestInvoker.invokeMethod(TestInvoker.java:584)
at org.testng.internal.TestInvoker.invokeTestMethod(TestInvoker.java:172)
at org.testng.internal.MethodRunner.runInSequence(MethodRunner.java:46)
at org.testng.internal.TestInvoker$MethodInvocationAgent.invoke(TestInvoker.java:804)
at org.testng.internal.TestInvoker.invokeTestMethods(TestInvoker.java:145)
at org.testng.internal.TestMethodWorker.invokeTestMethods(TestMethodWorker.java:146)
at org.testng.internal.TestMethodWorker.run(TestMethodWorker.java:128)
at java.base/java.util.ArrayList.forEach(ArrayList.java:1507)
at org.testng.TestRunner.privateRun(TestRunner.java:770)
at org.testng.TestRunner.run(TestRunner.java:591)
at org.testng.SuiteRunner.runTest(SuiteRunner.java:402)
at org.testng.SuiteRunner.runSequentially(SuiteRunner.java:396)
at org.testng.SuiteRunner.privateRun(SuiteRunner.java:355)
at org.testng.SuiteRunner.run(SuiteRunner.java:304)
at org.testng.SuiteRunnerWorker.runSuite(SuiteRunnerWorker.java:53)
at org.testng.SuiteRunnerWorker.run(SuiteRunnerWorker.java:96)
at org.testng.TestNG.runSuitesSequentially(TestNG.java:1180)
at org.testng.TestNG.runSuitesLocally(TestNG.java:1102)
at org.testng.TestNG.runSuites(TestNG.java:1032)
at org.testng.TestNG.run(TestNG.java:1000)
at org.testng.remote.AbstractRemoteTestNG.run(AbstractRemoteTestNG.java:115)
at org.testng.remote.RemoteTestNG.initAndRun(RemoteTestNG.java:251)
at org.testng.remote.RemoteTestNG.main(RemoteTestNG.java:77)
]]>
            </full-stacktrace>
          </exception> <!-- java.lang.NullPointerException -->
          <reporter-output>
          </reporter-output>
        </test-method> <!-- identifyFourStarHotel -->
        <test-method is-config="true" signature="quitBrowser()[pri:0, instance:com.org.php.testscripts.PhpHotel@5b239d7d]" started-at="2019-12-06T12:13:37 IST" name="quitBrowser" finished-at="2019-12-06T12:13:38 IST" duration-ms="948" status="PASS">
          <reporter-output>
          </reporter-output>
        </test-method> <!-- quitBrowser -->
      </class> <!-- com.org.php.testscripts.PhpHotel -->
    </test> <!-- Default test -->
  </suite> <!-- Default suite -->
</testng-results>
