<?xml version="1.0" encoding="UTF-8"?>
<!-- Generated by org.testng.reporters.JUnitXMLReporter -->
<testsuite ignored="0" hostname="ATMECSINLT-043" failures="1" tests="1" name="Bookhotel" time="28.482" errors="0" timestamp="2019-11-29T18:11:09 IST">
  <testcase classname="com.org.php.testscripts.HotelIdentifier" name="identifyFourStarHotel" time="12.467">
    <failure type="java.lang.ArrayIndexOutOfBoundsException" message="Index 1 out of bounds for length 1">
      <![CDATA[java.lang.ArrayIndexOutOfBoundsException: Index 1 out of bounds for length 1
at com.org.php.helpers.PageActions.getElements(PageActions.java:174)
at com.org.php.testscripts.HotelIdentifier.identifyFourStarHotel(HotelIdentifier.java:101)
at java.base/java.util.ArrayList.forEach(ArrayList.java:1507)
... Removed 28 stack frames]]>
    </failure>
  </testcase> <!-- identifyFourStarHotel -->
</testsuite> <!-- Bookhotel -->
